<?xml version="1.0" encoding="UTF-8"?>
<testsuite xmlns:xsi="http://www.w3.org/2001/XMLSchema-instance" xsi:noNamespaceSchemaLocation="https://maven.apache.org/surefire/maven-surefire-plugin/xsd/surefire-test-report-3.0.xsd" version="3.0" name="TestSuite" time="24.975" tests="21" errors="0" skipped="0" failures="0">
  <properties>
[...]
</properties>
  <testcase name="testLoginPageLoads" classname="com.zapgo.tests.LoginTest" time="0.065">
    <system-err><![CDATA[SLF4J: Failed to load class "org.slf4j.impl.StaticLoggerBinder".
SLF4J: Defaulting to no-operation (NOP) logger implementation
SLF4J: See http://www.slf4j.org/codes.html#StaticLoggerBinder for further details.
Apr 26, 2026 10:52:32 PM org.openqa.selenium.devtools.CdpVersionFinder findNearestMatch
WARNING: Unable to find CDP implementation matching 147
Apr 26, 2026 10:52:33 PM org.openqa.selenium.chromium.ChromiumDriver lambda$new$5
WARNING: Unable to find version of CDP to use for 147.0.7727.116. You may need to include a dependency on a specific version of the CDP using something similar to `org.seleniumhq.selenium:selenium-devtools-v86:4.21.0` where the version ("v86") matches the version of the chromium-based browser you're using and the version number of the artifact is the same as Selenium's.
]]></system-err>
  </testcase>
  <testcase name="testInvalidLoginShowsError" classname="com.zapgo.tests.LoginTest" time="1.438"/>
  <testcase name="testValidLogin" classname="com.zapgo.tests.LoginTest" time="1.839"/>
  <testcase name="testLogout" classname="com.zapgo.tests.LoginTest" time="0.085"/>
  <testcase name="testRegisterPageLoads" classname="com.zapgo.tests.RegisterTest" time="0.174"/>
  <testcase name="testPasswordMismatchShowsError" classname="com.zapgo.tests.RegisterTest" time="0.399"/>
  <testcase name="testRegisterWithExistingEmail" classname="com.zapgo.tests.RegisterTest" time="1.767"/>
  <testcase name="testMapLoads" classname="com.zapgo.tests.MapPageTest" time="0.542"/>
  <testcase name="testRouteFormIsVisible" classname="com.zapgo.tests.MapPageTest" time="0.072"/>
  <testcase name="testRouteCalculation" classname="com.zapgo.tests.MapPageTest" time="4.673"/>
  <testcase name="testBookingButtonAppears" classname="com.zapgo.tests.MapPageTest" time="0.028"/>
  <testcase name="testBookingsPageLoads" classname="com.zapgo.tests.BookingsPageTest" time="1.058"/>
  <testcase name="testBookingsTableOrEmptyState" classname="com.zapgo.tests.BookingsPageTest" time="2.115"/>
  <testcase name="testStatsAreVisible" classname="com.zapgo.tests.BookingsPageTest" time="0.042"/>
  <testcase name="testAdminLoginPageLoads" classname="com.zapgo.tests.AdminTest" time="0.132"/>
  <testcase name="testAdminInvalidLogin" classname="com.zapgo.tests.AdminTest" time="0.321"/>
  <testcase name="testAdminValidLogin" classname="com.zapgo.tests.AdminTest" time="0.345"/>
  <testcase name="testAdminViewUsersTab" classname="com.zapgo.tests.AdminTest" time="3.702"/>
  <testcase name="testAdminManageStationsTab" classname="com.zapgo.tests.AdminTest" time="0.087"/>
  <testcase name="testAdminViewStatisticsTab" classname="com.zapgo.tests.AdminTest" time="0.109"/>
  <testcase name="testAdminViewBookingsTab" classname="com.zapgo.tests.AdminTest" time="0.117"/>
</testsuite>