<?xml version="1.0" encoding="UTF-8"?>
<testng-results ignored="0" total="25" passed="25" failed="0" skipped="0">
  <reporter-output>
  </reporter-output>
  <suite started-at="2026-04-27T13:03:25 IST" name="ZapGo Test Suite" finished-at="2026-04-27T13:03:59 IST" duration-ms="33906">
    <groups>
    </groups>
    <test started-at="2026-04-27T13:03:25 IST" name="ZapGo Automation Tests" finished-at="2026-04-27T13:03:59 IST" duration-ms="33906">
      <class name="com.zapgo.tests.BookingsPageTest">
        <test-method is-config="true" signature="loginAndOpenBookingsPage()[pri:0, instance:com.zapgo.tests.BookingsPageTest@6e9a5ed8]" started-at="2026-04-27T13:03:45 IST" name="loginAndOpenBookingsPage" finished-at="2026-04-27T13:03:47 IST" duration-ms="1832" status="PASS">
          <reporter-output>
          </reporter-output>
        </test-method> <!-- loginAndOpenBookingsPage -->
        <test-method signature="testBookingsPageLoads()[pri:1, instance:com.zapgo.tests.BookingsPageTest@6e9a5ed8]" started-at="2026-04-27T13:03:47 IST" name="testBookingsPageLoads" finished-at="2026-04-27T13:03:47 IST" duration-ms="606" status="PASS">
          <reporter-output>
          </reporter-output>
        </test-method> <!-- testBookingsPageLoads -->
        <test-method signature="testBookingsTableOrEmptyState()[pri:2, instance:com.zapgo.tests.BookingsPageTest@6e9a5ed8]" started-at="2026-04-27T13:03:47 IST" name="testBookingsTableOrEmptyState" finished-at="2026-04-27T13:03:51 IST" duration-ms="3195" status="PASS">
          <reporter-output>
          </reporter-output>
        </test-method> <!-- testBookingsTableOrEmptyState -->
        <test-method signature="testStatsAreVisible()[pri:3, instance:com.zapgo.tests.BookingsPageTest@6e9a5ed8]" started-at="2026-04-27T13:03:51 IST" name="testStatsAreVisible" finished-at="2026-04-27T13:03:51 IST" duration-ms="52" status="PASS">
          <reporter-output>
          </reporter-output>
        </test-method> <!-- testStatsAreVisible -->
      </class> <!-- com.zapgo.tests.BookingsPageTest -->
      <class name="com.zapgo.tests.LoginTest">
        <test-method is-config="true" signature="setUpSuite()[pri:0, instance:com.zapgo.tests.LoginTest@710c2b53]" started-at="2026-04-27T13:03:24 IST" name="setUpSuite" finished-at="2026-04-27T13:03:25 IST" duration-ms="1206" status="PASS">
          <reporter-output>
          </reporter-output>
        </test-method> <!-- setUpSuite -->
        <test-method is-config="true" signature="goToLoginPage()[pri:0, instance:com.zapgo.tests.LoginTest@710c2b53]" started-at="2026-04-27T13:03:25 IST" name="goToLoginPage" finished-at="2026-04-27T13:03:25 IST" duration-ms="208" status="PASS">
          <reporter-output>
          </reporter-output>
        </test-method> <!-- goToLoginPage -->
        <test-method signature="testLoginPageLoads()[pri:1, instance:com.zapgo.tests.LoginTest@710c2b53]" started-at="2026-04-27T13:03:25 IST" name="testLoginPageLoads" finished-at="2026-04-27T13:03:25 IST" duration-ms="72" status="PASS">
          <reporter-output>
          </reporter-output>
        </test-method> <!-- testLoginPageLoads -->
        <test-method signature="testInvalidLoginShowsError()[pri:2, instance:com.zapgo.tests.LoginTest@710c2b53]" started-at="2026-04-27T13:03:25 IST" name="testInvalidLoginShowsError" finished-at="2026-04-27T13:03:27 IST" duration-ms="1387" status="PASS">
          <reporter-output>
          </reporter-output>
        </test-method> <!-- testInvalidLoginShowsError -->
        <test-method signature="testValidLogin()[pri:3, instance:com.zapgo.tests.LoginTest@710c2b53]" started-at="2026-04-27T13:03:27 IST" name="testValidLogin" finished-at="2026-04-27T13:03:28 IST" duration-ms="1792" status="PASS">
          <reporter-output>
          </reporter-output>
        </test-method> <!-- testValidLogin -->
        <test-method signature="testLogout()[pri:4, instance:com.zapgo.tests.LoginTest@710c2b53]" started-at="2026-04-27T13:03:28 IST" name="testLogout" finished-at="2026-04-27T13:03:28 IST" duration-ms="81" status="PASS">
          <reporter-output>
          </reporter-output>
        </test-method> <!-- testLogout -->
        <test-method is-config="true" signature="tearDownSuite()[pri:0, instance:com.zapgo.tests.LoginTest@710c2b53]" started-at="2026-04-27T13:03:59 IST" name="tearDownSuite" finished-at="2026-04-27T13:03:59 IST" duration-ms="204" status="PASS">
          <reporter-output>
          </reporter-output>
        </test-method> <!-- tearDownSuite -->
      </class> <!-- com.zapgo.tests.LoginTest -->
      <class name="com.zapgo.tests.AdminTest">
        <test-method is-config="true" signature="goToAdminPage()[pri:0, instance:com.zapgo.tests.AdminTest@7e057f43]" started-at="2026-04-27T13:03:51 IST" name="goToAdminPage" finished-at="2026-04-27T13:03:51 IST" duration-ms="13" status="PASS">
          <reporter-output>
          </reporter-output>
        </test-method> <!-- goToAdminPage -->
        <test-method signature="testAdminLoginPageLoads()[pri:1, instance:com.zapgo.tests.AdminTest@7e057f43]" started-at="2026-04-27T13:03:51 IST" name="testAdminLoginPageLoads" finished-at="2026-04-27T13:03:51 IST" duration-ms="211" status="PASS">
          <reporter-output>
          </reporter-output>
        </test-method> <!-- testAdminLoginPageLoads -->
        <test-method signature="testAdminInvalidLogin()[pri:2, instance:com.zapgo.tests.AdminTest@7e057f43]" started-at="2026-04-27T13:03:51 IST" name="testAdminInvalidLogin" finished-at="2026-04-27T13:03:51 IST" duration-ms="279" status="PASS">
          <reporter-output>
          </reporter-output>
        </test-method> <!-- testAdminInvalidLogin -->
        <test-method signature="testAdminValidLogin()[pri:3, instance:com.zapgo.tests.AdminTest@7e057f43]" started-at="2026-04-27T13:03:51 IST" name="testAdminValidLogin" finished-at="2026-04-27T13:03:52 IST" duration-ms="301" status="PASS">
          <reporter-output>
          </reporter-output>
        </test-method> <!-- testAdminValidLogin -->
        <test-method signature="testAdminViewUsersTab()[pri:4, instance:com.zapgo.tests.AdminTest@7e057f43]" started-at="2026-04-27T13:03:52 IST" name="testAdminViewUsersTab" finished-at="2026-04-27T13:03:58 IST" depends-on-methods="com.zapgo.tests.AdminTest.testAdminValidLogin" duration-ms="6894" status="PASS">
          <reporter-output>
          </reporter-output>
        </test-method> <!-- testAdminViewUsersTab -->
        <test-method signature="testAdminManageStationsTab()[pri:5, instance:com.zapgo.tests.AdminTest@7e057f43]" started-at="2026-04-27T13:03:58 IST" name="testAdminManageStationsTab" finished-at="2026-04-27T13:03:59 IST" depends-on-methods="com.zapgo.tests.AdminTest.testAdminValidLogin" duration-ms="90" status="PASS">
          <reporter-output>
          </reporter-output>
        </test-method> <!-- testAdminManageStationsTab -->
        <test-method signature="testAdminViewStatisticsTab()[pri:6, instance:com.zapgo.tests.AdminTest@7e057f43]" started-at="2026-04-27T13:03:59 IST" name="testAdminViewStatisticsTab" finished-at="2026-04-27T13:03:59 IST" depends-on-methods="com.zapgo.tests.AdminTest.testAdminValidLogin" duration-ms="110" status="PASS">
          <reporter-output>
          </reporter-output>
        </test-method> <!-- testAdminViewStatisticsTab -->
        <test-method signature="testAdminViewBookingsTab()[pri:7, instance:com.zapgo.tests.AdminTest@7e057f43]" started-at="2026-04-27T13:03:59 IST" name="testAdminViewBookingsTab" finished-at="2026-04-27T13:03:59 IST" depends-on-methods="com.zapgo.tests.AdminTest.testAdminValidLogin" duration-ms="98" status="PASS">
          <reporter-output>
          </reporter-output>
        </test-method> <!-- testAdminViewBookingsTab -->
      </class> <!-- com.zapgo.tests.AdminTest -->
      <class name="com.zapgo.tests.MapPageTest">
        <test-method is-config="true" signature="loginAndOpenMapPage()[pri:0, instance:com.zapgo.tests.MapPageTest@268f106e]" started-at="2026-04-27T13:03:30 IST" name="loginAndOpenMapPage" finished-at="2026-04-27T13:03:32 IST" duration-ms="1271" status="PASS">
          <reporter-output>
          </reporter-output>
        </test-method> <!-- loginAndOpenMapPage -->
        <test-method signature="testMapLoads()[pri:1, instance:com.zapgo.tests.MapPageTest@268f106e]" started-at="2026-04-27T13:03:32 IST" name="testMapLoads" finished-at="2026-04-27T13:03:32 IST" duration-ms="579" status="PASS">
          <reporter-output>
          </reporter-output>
        </test-method> <!-- testMapLoads -->
        <test-method signature="testRouteFormIsVisible()[pri:2, instance:com.zapgo.tests.MapPageTest@268f106e]" started-at="2026-04-27T13:03:32 IST" name="testRouteFormIsVisible" finished-at="2026-04-27T13:03:32 IST" duration-ms="115" status="PASS">
          <reporter-output>
          </reporter-output>
        </test-method> <!-- testRouteFormIsVisible -->
        <test-method signature="testRouteCalculation()[pri:3, instance:com.zapgo.tests.MapPageTest@268f106e]" started-at="2026-04-27T13:03:32 IST" name="testRouteCalculation" finished-at="2026-04-27T13:03:35 IST" duration-ms="2543" status="PASS">
          <reporter-output>
          </reporter-output>
        </test-method> <!-- testRouteCalculation -->
        <test-method signature="testBookingButtonAppears()[pri:4, instance:com.zapgo.tests.MapPageTest@268f106e]" started-at="2026-04-27T13:03:35 IST" name="testBookingButtonAppears" finished-at="2026-04-27T13:03:35 IST" depends-on-methods="com.zapgo.tests.MapPageTest.testRouteCalculation" duration-ms="49" status="PASS">
          <reporter-output>
          </reporter-output>
        </test-method> <!-- testBookingButtonAppears -->
        <test-method signature="testNarrateButtonAppearsAfterRoute()[pri:5, instance:com.zapgo.tests.MapPageTest@268f106e]" started-at="2026-04-27T13:03:35 IST" name="testNarrateButtonAppearsAfterRoute" finished-at="2026-04-27T13:03:35 IST" depends-on-methods="com.zapgo.tests.MapPageTest.testRouteCalculation" duration-ms="59" status="PASS">
          <reporter-output>
          </reporter-output>
        </test-method> <!-- testNarrateButtonAppearsAfterRoute -->
        <test-method signature="testNarrateRouteGeneratesOutput()[pri:6, instance:com.zapgo.tests.MapPageTest@268f106e]" started-at="2026-04-27T13:03:35 IST" name="testNarrateRouteGeneratesOutput" finished-at="2026-04-27T13:03:41 IST" depends-on-methods="com.zapgo.tests.MapPageTest.testNarrateButtonAppearsAfterRoute" duration-ms="6315" status="PASS">
          <reporter-output>
          </reporter-output>
        </test-method> <!-- testNarrateRouteGeneratesOutput -->
        <test-method signature="testSpotsSection()[pri:7, instance:com.zapgo.tests.MapPageTest@268f106e]" started-at="2026-04-27T13:03:41 IST" name="testSpotsSection" finished-at="2026-04-27T13:03:41 IST" depends-on-methods="com.zapgo.tests.MapPageTest.testNarrateRouteGeneratesOutput" duration-ms="130" status="PASS">
          <reporter-output>
          </reporter-output>
        </test-method> <!-- testSpotsSection -->
        <test-method signature="testNarrateButtonRequiresRoute()[pri:8, instance:com.zapgo.tests.MapPageTest@268f106e]" started-at="2026-04-27T13:03:41 IST" name="testNarrateButtonRequiresRoute" finished-at="2026-04-27T13:03:45 IST" duration-ms="3586" status="PASS">
          <reporter-output>
          </reporter-output>
        </test-method> <!-- testNarrateButtonRequiresRoute -->
      </class> <!-- com.zapgo.tests.MapPageTest -->
      <class name="com.zapgo.tests.RegisterTest">
        <test-method is-config="true" signature="goToRegisterPage()[pri:0, instance:com.zapgo.tests.RegisterTest@7ce69770]" started-at="2026-04-27T13:03:28 IST" name="goToRegisterPage" finished-at="2026-04-27T13:03:28 IST" duration-ms="52" status="PASS">
          <reporter-output>
          </reporter-output>
        </test-method> <!-- goToRegisterPage -->
        <test-method signature="testRegisterPageLoads()[pri:1, instance:com.zapgo.tests.RegisterTest@7ce69770]" started-at="2026-04-27T13:03:28 IST" name="testRegisterPageLoads" finished-at="2026-04-27T13:03:29 IST" duration-ms="174" status="PASS">
          <reporter-output>
          </reporter-output>
        </test-method> <!-- testRegisterPageLoads -->
        <test-method signature="testPasswordMismatchShowsError()[pri:2, instance:com.zapgo.tests.RegisterTest@7ce69770]" started-at="2026-04-27T13:03:29 IST" name="testPasswordMismatchShowsError" finished-at="2026-04-27T13:03:29 IST" duration-ms="360" status="PASS">
          <reporter-output>
          </reporter-output>
        </test-method> <!-- testPasswordMismatchShowsError -->
        <test-method signature="testRegisterWithExistingEmail()[pri:3, instance:com.zapgo.tests.RegisterTest@7ce69770]" started-at="2026-04-27T13:03:29 IST" name="testRegisterWithExistingEmail" finished-at="2026-04-27T13:03:30 IST" duration-ms="1408" status="PASS">
          <reporter-output>
          </reporter-output>
        </test-method> <!-- testRegisterWithExistingEmail -->
      </class> <!-- com.zapgo.tests.RegisterTest -->
    </test> <!-- ZapGo Automation Tests -->
  </suite> <!-- ZapGo Test Suite -->
</testng-results>
