<?xml version="1.0" encoding="UTF-8"?>
<!-- Generated by org.testng.reporters.JUnitXMLReporter -->
<testsuite ignored="0" hostname="Yuvansh" failures="0" tests="8" name="Surefire test" time="17.473" errors="0" timestamp="2026-04-27T12:48:35 IST">
  <testcase classname="com.zapgo.tests.MapPageTest" name="testMapLoads" time="0.561"/>
  <testcase classname="com.zapgo.tests.MapPageTest" name="testRouteFormIsVisible" time="0.116"/>
  <testcase classname="com.zapgo.tests.MapPageTest" name="testRouteCalculation" time="3.633"/>
  <testcase classname="com.zapgo.tests.MapPageTest" name="testBookingButtonAppears" time="0.036"/>
  <testcase classname="com.zapgo.tests.MapPageTest" name="testNarrateButtonAppearsAfterRoute" time="0.035"/>
  <testcase classname="com.zapgo.tests.MapPageTest" name="testNarrateRouteGeneratesOutput" time="6.327"/>
  <testcase classname="com.zapgo.tests.MapPageTest" name="testSpotsSection" time="0.109"/>
  <testcase classname="com.zapgo.tests.MapPageTest" name="testNarrateButtonRequiresRoute" time="2.035"/>
</testsuite> <!-- Surefire test -->
