<?xml version="1.0" encoding="UTF-8"?>
<!-- Generated by org.testng.reporters.JUnitReportReporter -->
<testsuite hostname="Yuvansh" failures="0" tests="4" name="com.zapgo.tests.LoginTest" time="3.426" errors="0" timestamp="2026-04-26T22:52:55 IST" skipped="0">
  <testcase classname="com.zapgo.tests.LoginTest" name="testLoginPageLoads" time="0.064"/>
  <testcase classname="com.zapgo.tests.LoginTest" name="testInvalidLoginShowsError" time="1.432"/>
  <testcase classname="com.zapgo.tests.LoginTest" name="testValidLogin" time="1.845"/>
  <testcase classname="com.zapgo.tests.LoginTest" name="testLogout" time="0.085"/>
</testsuite> <!-- com.zapgo.tests.LoginTest -->
