<?xml version="1.0" encoding="UTF-8"?>
<!-- Generated by org.testng.reporters.JUnitReportReporter -->
<testsuite hostname="Yuvansh" failures="0" tests="7" name="com.zapgo.tests.AdminTest" time="3.901" errors="0" timestamp="2026-04-26T20:51:39 IST" skipped="0">
  <testcase classname="com.zapgo.tests.AdminTest" name="testAdminLoginPageLoads" time="0.132"/>
  <testcase classname="com.zapgo.tests.AdminTest" name="testAdminInvalidLogin" time="0.309"/>
  <testcase classname="com.zapgo.tests.AdminTest" name="testAdminValidLogin" time="0.359"/>
  <testcase classname="com.zapgo.tests.AdminTest" name="testAdminViewUsersTab" time="2.685"/>
  <testcase classname="com.zapgo.tests.AdminTest" name="testAdminManageStationsTab" time="0.192"/>
  <testcase classname="com.zapgo.tests.AdminTest" name="testAdminViewStatisticsTab" time="0.113"/>
  <testcase classname="com.zapgo.tests.AdminTest" name="testAdminViewBookingsTab" time="0.111"/>
</testsuite> <!-- com.zapgo.tests.AdminTest -->
