<?xml version="1.0" encoding="UTF-8"?>
<!-- Generated by org.testng.reporters.JUnitReportReporter -->
<testsuite hostname="Yuvansh" failures="0" tests="3" name="com.zapgo.tests.RegisterTest" time="2.037" errors="0" timestamp="2026-04-26T20:51:39 IST" skipped="0">
  <testcase classname="com.zapgo.tests.RegisterTest" name="testRegisterPageLoads" time="0.141"/>
  <testcase classname="com.zapgo.tests.RegisterTest" name="testPasswordMismatchShowsError" time="0.422"/>
  <testcase classname="com.zapgo.tests.RegisterTest" name="testRegisterWithExistingEmail" time="1.474"/>
</testsuite> <!-- com.zapgo.tests.RegisterTest -->
