<?xml version="1.0" encoding="UTF-8"?>
<!-- Generated by org.testng.reporters.JUnitReportReporter -->
<testsuite hostname="Yuvansh" failures="0" tests="3" name="com.zapgo.tests.BookingsPageTest" time="3.853" errors="0" timestamp="2026-04-27T13:03:59 IST" skipped="0">
  <testcase classname="com.zapgo.tests.BookingsPageTest" name="testBookingsPageLoads" time="0.606"/>
  <testcase classname="com.zapgo.tests.BookingsPageTest" name="testBookingsTableOrEmptyState" time="3.195"/>
  <testcase classname="com.zapgo.tests.BookingsPageTest" name="testStatsAreVisible" time="0.052"/>
</testsuite> <!-- com.zapgo.tests.BookingsPageTest -->
