<?xml version="1.0" encoding="UTF-8"?>
<!-- Generated by org.testng.reporters.JUnitReportReporter -->
<testsuite hostname="Yuvansh" failures="0" tests="3" name="com.zapgo.tests.RegisterTest" time="1.942" errors="0" timestamp="2026-04-27T13:03:59 IST" skipped="0">
  <testcase classname="com.zapgo.tests.RegisterTest" name="testRegisterPageLoads" time="0.174"/>
  <testcase classname="com.zapgo.tests.RegisterTest" name="testPasswordMismatchShowsError" time="0.360"/>
  <testcase classname="com.zapgo.tests.RegisterTest" name="testRegisterWithExistingEmail" time="1.408"/>
</testsuite> <!-- com.zapgo.tests.RegisterTest -->
