<?xml version="1.0" encoding="UTF-8"?>
<!-- Generated by org.testng.reporters.JUnitReportReporter -->
<testsuite hostname="Yuvansh" failures="0" tests="7" name="com.zapgo.tests.AdminTest" time="7.983" errors="0" timestamp="2026-04-27T13:03:59 IST" skipped="0">
  <testcase classname="com.zapgo.tests.AdminTest" name="testAdminLoginPageLoads" time="0.211"/>
  <testcase classname="com.zapgo.tests.AdminTest" name="testAdminInvalidLogin" time="0.279"/>
  <testcase classname="com.zapgo.tests.AdminTest" name="testAdminValidLogin" time="0.301"/>
  <testcase classname="com.zapgo.tests.AdminTest" name="testAdminViewUsersTab" time="6.894"/>
  <testcase classname="com.zapgo.tests.AdminTest" name="testAdminManageStationsTab" time="0.090"/>
  <testcase classname="com.zapgo.tests.AdminTest" name="testAdminViewStatisticsTab" time="0.110"/>
  <testcase classname="com.zapgo.tests.AdminTest" name="testAdminViewBookingsTab" time="0.098"/>
</testsuite> <!-- com.zapgo.tests.AdminTest -->
