<?xml version="1.0" encoding="UTF-8"?>
<!-- Generated by org.testng.reporters.JUnitReportReporter -->
<testsuite hostname="Yuvansh" failures="0" tests="8" name="com.zapgo.tests.MapPageTest" time="13.376" errors="0" timestamp="2026-04-27T13:03:59 IST" skipped="0">
  <testcase classname="com.zapgo.tests.MapPageTest" name="testMapLoads" time="0.579"/>
  <testcase classname="com.zapgo.tests.MapPageTest" name="testRouteFormIsVisible" time="0.115"/>
  <testcase classname="com.zapgo.tests.MapPageTest" name="testRouteCalculation" time="2.543"/>
  <testcase classname="com.zapgo.tests.MapPageTest" name="testBookingButtonAppears" time="0.049"/>
  <testcase classname="com.zapgo.tests.MapPageTest" name="testNarrateButtonAppearsAfterRoute" time="0.059"/>
  <testcase classname="com.zapgo.tests.MapPageTest" name="testNarrateRouteGeneratesOutput" time="6.315"/>
  <testcase classname="com.zapgo.tests.MapPageTest" name="testSpotsSection" time="0.130"/>
  <testcase classname="com.zapgo.tests.MapPageTest" name="testNarrateButtonRequiresRoute" time="3.586"/>
</testsuite> <!-- com.zapgo.tests.MapPageTest -->
