<?xml version="1.0" encoding="UTF-8"?>
<!-- Generated by org.testng.reporters.JUnitReportReporter -->
<testsuite hostname="Yuvansh" failures="0" tests="4" name="com.zapgo.tests.MapPageTest" time="5.314" errors="0" timestamp="2026-04-26T22:52:55 IST" skipped="0">
  <testcase classname="com.zapgo.tests.MapPageTest" name="testMapLoads" time="0.541"/>
  <testcase classname="com.zapgo.tests.MapPageTest" name="testRouteFormIsVisible" time="0.072"/>
  <testcase classname="com.zapgo.tests.MapPageTest" name="testRouteCalculation" time="4.673"/>
  <testcase classname="com.zapgo.tests.MapPageTest" name="testBookingButtonAppears" time="0.028"/>
</testsuite> <!-- com.zapgo.tests.MapPageTest -->
