<?xml version="1.0" encoding="UTF-8"?>
<!-- Generated by org.testng.reporters.JUnitReportReporter -->
<testsuite hostname="Yuvansh" failures="0" tests="3" name="com.zapgo.tests.BookingsPageTest" time="2.736" errors="0" timestamp="2026-04-26T20:51:39 IST" skipped="0">
  <testcase classname="com.zapgo.tests.BookingsPageTest" name="testBookingsPageLoads" time="0.570"/>
  <testcase classname="com.zapgo.tests.BookingsPageTest" name="testBookingsTableOrEmptyState" time="2.106"/>
  <testcase classname="com.zapgo.tests.BookingsPageTest" name="testStatsAreVisible" time="0.060"/>
</testsuite> <!-- com.zapgo.tests.BookingsPageTest -->
