<?xml version="1.0" encoding="UTF-8"?>
<!-- Generated by org.testng.reporters.JUnitReportReporter -->
<testsuite hostname="Yuvansh" failures="0" tests="4" name="com.zapgo.tests.LoginTest" time="3.332" errors="0" timestamp="2026-04-27T13:03:59 IST" skipped="0">
  <testcase classname="com.zapgo.tests.LoginTest" name="testLoginPageLoads" time="0.072"/>
  <testcase classname="com.zapgo.tests.LoginTest" name="testInvalidLoginShowsError" time="1.387"/>
  <testcase classname="com.zapgo.tests.LoginTest" name="testValidLogin" time="1.792"/>
  <testcase classname="com.zapgo.tests.LoginTest" name="testLogout" time="0.081"/>
</testsuite> <!-- com.zapgo.tests.LoginTest -->
