<?xml version="1.0" encoding="UTF-8"?>
<!-- Generated by org.testng.reporters.JUnitXMLReporter -->
<testsuite ignored="8" hostname="Yuvansh" failures="0" tests="21" name="ZapGo Automation Tests" time="22.18" errors="0" timestamp="2026-04-26T22:52:55 IST">
  <testcase classname="com.zapgo.tests.LoginTest" name="testLoginPageLoads" time="0.064"/>
  <testcase classname="com.zapgo.tests.LoginTest" name="testInvalidLoginShowsError" time="1.432"/>
  <testcase classname="com.zapgo.tests.LoginTest" name="testValidLogin" time="1.845"/>
  <testcase classname="com.zapgo.tests.LoginTest" name="testLogout" time="0.085"/>
  <testcase classname="com.zapgo.tests.RegisterTest" name="testRegisterPageLoads" time="0.174"/>
  <testcase classname="com.zapgo.tests.RegisterTest" name="testPasswordMismatchShowsError" time="0.399"/>
  <testcase classname="com.zapgo.tests.RegisterTest" name="testRegisterWithExistingEmail" time="1.766"/>
  <testcase classname="com.zapgo.tests.MapPageTest" name="testMapLoads" time="0.541"/>
  <testcase classname="com.zapgo.tests.MapPageTest" name="testRouteFormIsVisible" time="0.072"/>
  <testcase classname="com.zapgo.tests.MapPageTest" name="testRouteCalculation" time="4.673"/>
  <testcase classname="com.zapgo.tests.MapPageTest" name="testBookingButtonAppears" time="0.028"/>
  <testcase classname="com.zapgo.tests.BookingsPageTest" name="testBookingsPageLoads" time="1.059"/>
  <testcase classname="com.zapgo.tests.BookingsPageTest" name="testBookingsTableOrEmptyState" time="2.116"/>
  <testcase classname="com.zapgo.tests.BookingsPageTest" name="testStatsAreVisible" time="0.042"/>
  <testcase classname="com.zapgo.tests.AdminTest" name="testAdminLoginPageLoads" time="0.133"/>
  <testcase classname="com.zapgo.tests.AdminTest" name="testAdminInvalidLogin" time="0.321"/>
  <testcase classname="com.zapgo.tests.AdminTest" name="testAdminValidLogin" time="0.343"/>
  <testcase classname="com.zapgo.tests.AdminTest" name="testAdminViewUsersTab" time="3.703"/>
  <testcase classname="com.zapgo.tests.AdminTest" name="testAdminManageStationsTab" time="0.086"/>
  <testcase classname="com.zapgo.tests.AdminTest" name="testAdminViewStatisticsTab" time="0.11"/>
  <testcase classname="com.zapgo.tests.AdminTest" name="testAdminViewBookingsTab" time="0.116"/>
  <testcase classname="com.zapgo.tests.BaseTest" name="@BeforeSuite setUpSuite" time="0.0">
    <ignored/>
  </testcase> <!-- @BeforeSuite setUpSuite -->
  <testcase classname="com.zapgo.tests.BaseTest" name="@BeforeSuite setUpSuite" time="0.0">
    <ignored/>
  </testcase> <!-- @BeforeSuite setUpSuite -->
  <testcase classname="com.zapgo.tests.BaseTest" name="@AfterSuite tearDownSuite" time="0.0">
    <ignored/>
  </testcase> <!-- @AfterSuite tearDownSuite -->
  <testcase classname="com.zapgo.tests.BaseTest" name="@AfterSuite tearDownSuite" time="0.0">
    <ignored/>
  </testcase> <!-- @AfterSuite tearDownSuite -->
  <testcase classname="com.zapgo.tests.BaseTest" name="@AfterSuite tearDownSuite" time="0.0">
    <ignored/>
  </testcase> <!-- @AfterSuite tearDownSuite -->
  <testcase classname="com.zapgo.tests.BaseTest" name="@BeforeSuite setUpSuite" time="0.0">
    <ignored/>
  </testcase> <!-- @BeforeSuite setUpSuite -->
  <testcase classname="com.zapgo.tests.BaseTest" name="@BeforeSuite setUpSuite" time="0.0">
    <ignored/>
  </testcase> <!-- @BeforeSuite setUpSuite -->
  <testcase classname="com.zapgo.tests.BaseTest" name="@AfterSuite tearDownSuite" time="0.0">
    <ignored/>
  </testcase> <!-- @AfterSuite tearDownSuite -->
</testsuite> <!-- ZapGo Automation Tests -->
