<?xml version="1.0" encoding="UTF-8"?>
<!-- Generated by org.testng.reporters.JUnitXMLReporter -->
<testsuite ignored="8" hostname="Yuvansh" failures="0" tests="21" name="ZapGo Automation Tests" time="21.755" errors="0" timestamp="2026-04-26T20:51:39 IST">
  <testcase classname="com.zapgo.tests.LoginTest" name="testLoginPageLoads" time="0.062"/>
  <testcase classname="com.zapgo.tests.LoginTest" name="testInvalidLoginShowsError" time="3.469"/>
  <testcase classname="com.zapgo.tests.LoginTest" name="testValidLogin" time="1.857"/>
  <testcase classname="com.zapgo.tests.LoginTest" name="testLogout" time="0.719"/>
  <testcase classname="com.zapgo.tests.RegisterTest" name="testRegisterPageLoads" time="0.141"/>
  <testcase classname="com.zapgo.tests.RegisterTest" name="testPasswordMismatchShowsError" time="0.422"/>
  <testcase classname="com.zapgo.tests.RegisterTest" name="testRegisterWithExistingEmail" time="1.474"/>
  <testcase classname="com.zapgo.tests.MapPageTest" name="testMapLoads" time="0.544"/>
  <testcase classname="com.zapgo.tests.MapPageTest" name="testRouteFormIsVisible" time="0.104"/>
  <testcase classname="com.zapgo.tests.MapPageTest" name="testRouteCalculation" time="2.67"/>
  <testcase classname="com.zapgo.tests.MapPageTest" name="testBookingButtonAppears" time="0.029"/>
  <testcase classname="com.zapgo.tests.BookingsPageTest" name="testBookingsPageLoads" time="0.57"/>
  <testcase classname="com.zapgo.tests.BookingsPageTest" name="testBookingsTableOrEmptyState" time="2.106"/>
  <testcase classname="com.zapgo.tests.BookingsPageTest" name="testStatsAreVisible" time="0.06"/>
  <testcase classname="com.zapgo.tests.AdminTest" name="testAdminLoginPageLoads" time="0.132"/>
  <testcase classname="com.zapgo.tests.AdminTest" name="testAdminInvalidLogin" time="0.309"/>
  <testcase classname="com.zapgo.tests.AdminTest" name="testAdminValidLogin" time="0.359"/>
  <testcase classname="com.zapgo.tests.AdminTest" name="testAdminViewUsersTab" time="2.685"/>
  <testcase classname="com.zapgo.tests.AdminTest" name="testAdminManageStationsTab" time="0.192"/>
  <testcase classname="com.zapgo.tests.AdminTest" name="testAdminViewStatisticsTab" time="0.113"/>
  <testcase classname="com.zapgo.tests.AdminTest" name="testAdminViewBookingsTab" time="0.111"/>
  <testcase classname="com.zapgo.tests.BaseTest" name="@BeforeSuite setUpSuite" time="0.0">
    <ignored/>
  </testcase> <!-- @BeforeSuite setUpSuite -->
  <testcase classname="com.zapgo.tests.BaseTest" name="@BeforeSuite setUpSuite" time="0.0">
    <ignored/>
  </testcase> <!-- @BeforeSuite setUpSuite -->
  <testcase classname="com.zapgo.tests.BaseTest" name="@AfterSuite tearDownSuite" time="0.0">
    <ignored/>
  </testcase> <!-- @AfterSuite tearDownSuite -->
  <testcase classname="com.zapgo.tests.BaseTest" name="@AfterSuite tearDownSuite" time="0.0">
    <ignored/>
  </testcase> <!-- @AfterSuite tearDownSuite -->
  <testcase classname="com.zapgo.tests.BaseTest" name="@AfterSuite tearDownSuite" time="0.0">
    <ignored/>
  </testcase> <!-- @AfterSuite tearDownSuite -->
  <testcase classname="com.zapgo.tests.BaseTest" name="@BeforeSuite setUpSuite" time="0.0">
    <ignored/>
  </testcase> <!-- @BeforeSuite setUpSuite -->
  <testcase classname="com.zapgo.tests.BaseTest" name="@BeforeSuite setUpSuite" time="0.0">
    <ignored/>
  </testcase> <!-- @BeforeSuite setUpSuite -->
  <testcase classname="com.zapgo.tests.BaseTest" name="@AfterSuite tearDownSuite" time="0.0">
    <ignored/>
  </testcase> <!-- @AfterSuite tearDownSuite -->
</testsuite> <!-- ZapGo Automation Tests -->
